#
# There is insufficient memory for the Java Runtime Environment to continue.
# Native memory allocation (mmap) failed to map 132120576 bytes for Failed to commit area from 0x0000000082200000 to 0x000000008a000000 of length 132120576.
# Possible reasons:
#   The system is out of physical RAM or swap space
#   The process is running with CompressedOops enabled, and the Java Heap may be blocking the growth of the native heap
# Possible solutions:
#   Reduce memory load on the system
#   Increase physical memory or swap space
#   Check if swap backing store is full
#   Decrease Java heap size (-Xmx/-Xms)
#   Decrease number of Java threads
#   Decrease Java thread stack sizes (-Xss)
#   Set larger code cache with -XX:ReservedCodeCacheSize=
#   JVM is running with Unscaled Compressed Oops mode in which the Java heap is
#     placed in the first 4GB address space. The Java Heap base address is the
#     maximum limit for the native heap growth. Please use -XX:HeapBaseMinAddress
#     to set the Java Heap base and to place the Java Heap above 4GB virtual address.
# This output file may be truncated or incomplete.
#
#  Out of Memory Error (./open/src/hotspot/os/windows/os_windows.cpp:3315), pid=29464, tid=28440
#
# JRE version:  (14.0.1+7) (build )
# Java VM: Java HotSpot(TM) 64-Bit Server VM (14.0.1+7, mixed mode, sharing, tiered, compressed oops, g1 gc, windows-amd64)
# No core dump will be written. Minidumps are not enabled by default on client versions of Windows
#

---------------  S U M M A R Y ------------

Command Line: -Dfile.encoding=Cp1252 properties.main

Host: Intel(R) Core(TM) i5-8250U CPU @ 1.60GHz, 8 cores, 7G,  Windows 10 , 64 bit Build 17763 (10.0.17763.1158)
Time: Mon Jun 29 22:40:20 2020 Westeuropäische Sommerzeit elapsed time: 0 seconds (0d 0h 0m 0s)

---------------  T H R E A D  ---------------

Current thread (0x00000276dc8cc000):  JavaThread "Unknown thread" [_thread_in_vm, id=28440, stack(0x0000008025d00000,0x0000008025e00000)]

Stack: [0x0000008025d00000,0x0000008025e00000]
Native frames: (J=compiled Java code, j=interpreted, Vv=VM code, C=native code)
V  [jvm.dll+0x5f840a]
V  [jvm.dll+0x741e4a]
V  [jvm.dll+0x7435ff]
V  [jvm.dll+0x743c43]
V  [jvm.dll+0x20d288]
V  [jvm.dll+0x5f57ba]
V  [jvm.dll+0x5ea615]
V  [jvm.dll+0x2c7e9c]
V  [jvm.dll+0x2c7cd2]
V  [jvm.dll+0x2cdbbc]
V  [jvm.dll+0x313ff8]
V  [jvm.dll+0x313720]
V  [jvm.dll+0x2a092a]
V  [jvm.dll+0x2a1a79]
V  [jvm.dll+0x71f718]
V  [jvm.dll+0x321c44]
V  [jvm.dll+0x700b0c]
V  [jvm.dll+0x392dff]
V  [jvm.dll+0x394e71]
C  [jli.dll+0x523b]
C  [ucrtbase.dll+0x21ffa]
C  [KERNEL32.DLL+0x17974]
C  [ntdll.dll+0x6a271]


---------------  P R O C E S S  ---------------

Threads class SMR info:
_java_thread_list=0x00007fffd3143078, length=0, elements={
}

Java Threads: ( => current thread )

Other Threads:
  0x00000276dc90d800 GCTaskThread "GC Thread#0" [stack: 0x0000008025e00000,0x0000008025f00000] [id=19744]
  0x00000276dc920800 ConcurrentGCThread "G1 Main Marker" [stack: 0x0000008025f00000,0x0000008026000000] [id=27728]
  0x00000276dc923000 ConcurrentGCThread "G1 Conc#0" [stack: 0x0000008026000000,0x0000008026100000] [id=28984]

[error occurred during error reporting (printing all threads), id 0xc0000005, EXCEPTION_ACCESS_VIOLATION (0xc0000005) at pc=0x00007fffd2971257]

VM state:not at safepoint (not fully initialized)

VM Mutex/Monitor currently owned by a thread:  ([mutex/lock_event])
[0x00000276dc8c84c0] Heap_lock - owner thread: 0x00000276dc8cc000

Heap address: 0x0000000082200000, size: 2014 MB, Compressed Oops mode: 32-bit
Narrow klass base: 0x0000000000000000, Narrow klass shift: 0

GC Heap History (0 events):
No events

Deoptimization events (0 events):
No events

Classes unloaded (0 events):
No events

Classes redefined (0 events):
No events

Internal exceptions (0 events):
No events

Events (2 events):
Event: 0.007 Loaded shared library C:\Program Files\Java\jdk-14.0.1\bin\java.dll
Event: 0.008 Loaded shared library C:\Program Files\Java\jdk-14.0.1\bin\zip.dll


Dynamic libraries:
0x00007ff748ec0000 - 0x00007ff748ecf000 	C:\Program Files\Java\jdk-14.0.1\bin\javaw.exe
0x00007ff8144d0000 - 0x00007ff8146bd000 	C:\Windows\SYSTEM32\ntdll.dll
0x00007ff811c00000 - 0x00007ff811cb3000 	C:\Windows\System32\KERNEL32.DLL
0x00007ff811330000 - 0x00007ff8115c5000 	C:\Windows\System32\KERNELBASE.dll
0x00007ff810990000 - 0x00007ff810a8a000 	C:\Windows\System32\ucrtbase.dll
0x00007ffff9d40000 - 0x00007ffff9d58000 	C:\Program Files\Java\jdk-14.0.1\bin\jli.dll
0x00007ffff7ff0000 - 0x00007ffff8005000 	C:\Program Files\Java\jdk-14.0.1\bin\VCRUNTIME140.dll
0x00007ff811ad0000 - 0x00007ff811b73000 	C:\Windows\System32\ADVAPI32.dll
0x00007ff813e50000 - 0x00007ff813eee000 	C:\Windows\System32\msvcrt.dll
0x00007ff8120d0000 - 0x00007ff81216e000 	C:\Windows\System32\sechost.dll
0x00007ff811fa0000 - 0x00007ff8120c2000 	C:\Windows\System32\RPCRT4.dll
0x00007ff811d40000 - 0x00007ff811ed7000 	C:\Windows\System32\USER32.dll
0x00007ff811260000 - 0x00007ff811280000 	C:\Windows\System32\win32u.dll
0x00007ff811ee0000 - 0x00007ff811f09000 	C:\Windows\System32\GDI32.dll
0x00007ff8107f0000 - 0x00007ff81098a000 	C:\Windows\System32\gdi32full.dll
0x00007ff811600000 - 0x00007ff8116a0000 	C:\Windows\System32\msvcp_win.dll
0x00007ffffa430000 - 0x00007ffffa6a9000 	C:\Windows\WinSxS\amd64_microsoft.windows.common-controls_6595b64144ccf1df_6.0.17763.1282_none_de75b6f253473c0f\COMCTL32.dll
0x00007ff8116f0000 - 0x00007ff811a1c000 	C:\Windows\System32\combase.dll
0x00007ff8111e0000 - 0x00007ff81125e000 	C:\Windows\System32\bcryptPrimitives.dll
0x00007ff808840000 - 0x00007ff80884a000 	C:\Windows\SYSTEM32\VERSION.dll
0x00007ff8121d0000 - 0x00007ff8121fe000 	C:\Windows\System32\IMM32.DLL
0x00007ffff5aa0000 - 0x00007ffff5b3b000 	C:\Program Files\Java\jdk-14.0.1\bin\msvcp140.dll
0x00007fffd26c0000 - 0x00007fffd31de000 	C:\Program Files\Java\jdk-14.0.1\bin\server\jvm.dll
0x00007ff813e40000 - 0x00007ff813e48000 	C:\Windows\System32\PSAPI.DLL
0x00007fffff460000 - 0x00007fffff469000 	C:\Windows\SYSTEM32\WSOCK32.dll
0x00007ff811f30000 - 0x00007ff811f9d000 	C:\Windows\System32\WS2_32.dll
0x00007ff80add0000 - 0x00007ff80adf4000 	C:\Windows\SYSTEM32\WINMM.dll
0x00007ff80ada0000 - 0x00007ff80adcd000 	C:\Windows\SYSTEM32\WINMMBASE.dll
0x00007ff8116a0000 - 0x00007ff8116ea000 	C:\Windows\System32\cfgmgr32.dll
0x00007ff8104e0000 - 0x00007ff8104f1000 	C:\Windows\System32\kernel.appcore.dll
0x00007ff80b1b0000 - 0x00007ff80b1ba000 	C:\Program Files\Java\jdk-14.0.1\bin\jimage.dll
0x00007ff80ee40000 - 0x00007ff80f02d000 	C:\Windows\SYSTEM32\DBGHELP.DLL
0x00007ffffe0b0000 - 0x00007ffffe0da000 	C:\Windows\SYSTEM32\dbgcore.DLL
0x00007ff800610000 - 0x00007ff800635000 	C:\Program Files\Java\jdk-14.0.1\bin\java.dll
0x00007ffffea60000 - 0x00007ffffea76000 	C:\Program Files\Java\jdk-14.0.1\bin\zip.dll

dbghelp: loaded successfully - version: 4.0.5 - missing functions: none
symbol engine: initialized successfully - sym options: 0x614 - pdb path: .;C:\Program Files\Java\jdk-14.0.1\bin;C:\Windows\SYSTEM32;C:\Windows\WinSxS\amd64_microsoft.windows.common-controls_6595b64144ccf1df_6.0.17763.1282_none_de75b6f253473c0f;C:\Program Files\Java\jdk-14.0.1\bin\server

VM Arguments:
jvm_args: -Dfile.encoding=Cp1252 
java_command: properties.main
java_class_path (initial): C:\Users\mehrd\git1\BookHoliday\BookHoliday-Task4\bin;C:\Users\mehrd\git1\BookHoliday\BookHoliday-Task4\lib\BookFlight.jar;C:\Users\mehrd\git1\BookHoliday\BookHoliday-Task4\lib\RegisterUser.jar;C:\Users\mehrd\git1\BookHoliday\BookHoliday-Task4\lib\SearchFlight.jar
Launcher Type: SUN_STANDARD

[Global flags]
     intx CICompilerCount                          = 4                                         {product} {ergonomic}
     uint ConcGCThreads                            = 2                                         {product} {ergonomic}
     uint G1ConcRefinementThreads                  = 8                                         {product} {ergonomic}
   size_t G1HeapRegionSize                         = 1048576                                   {product} {ergonomic}
    uintx GCDrainStackTargetSize                   = 64                                        {product} {ergonomic}
   size_t InitialHeapSize                          = 132120576                                 {product} {ergonomic}
   size_t MarkStackSize                            = 4194304                                   {product} {ergonomic}
   size_t MaxHeapSize                              = 2111832064                                {product} {ergonomic}
   size_t MinHeapDeltaBytes                        = 1048576                                   {product} {ergonomic}
   size_t MinHeapSize                              = 8388608                                   {product} {ergonomic}
    uintx NonNMethodCodeHeapSize                   = 5839372                                {pd product} {ergonomic}
    uintx NonProfiledCodeHeapSize                  = 122909434                              {pd product} {ergonomic}
    uintx ProfiledCodeHeapSize                     = 122909434                              {pd product} {ergonomic}
    uintx ReservedCodeCacheSize                    = 251658240                              {pd product} {ergonomic}
     bool SegmentedCodeCache                       = true                                      {product} {ergonomic}
   size_t SoftMaxHeapSize                          = 2111832064                             {manageable} {ergonomic}
     bool UseCompressedClassPointers               = true                                 {lp64_product} {ergonomic}
     bool UseCompressedOops                        = true                                 {lp64_product} {ergonomic}
     bool UseG1GC                                  = true                                      {product} {ergonomic}
     bool UseLargePagesIndividualAllocation        = false                                  {pd product} {ergonomic}

Logging:
Log output configuration:
 #0: stdout all=warning uptime,level,tags
 #1: stderr all=off uptime,level,tags

Environment Variables:
PATH=C:/Program Files/Java/jdk-14.0.1/bin/server;C:/Program Files/Java/jdk-14.0.1/bin;C:\Program Files (x86)\Common Files\Oracle\Java\javapath;C:\Windows\system32;C:\Windows;C:\Windows\System32\Wbem;C:\Windows\System32\WindowsPowerShell\v1.0\;C:\Windows\System32\OpenSSH\;C:\Program Files\Git\cmd;C:\Users\mehrd\AppData\Local\Microsoft\WindowsApps;;C:\Windows\System32;
USERNAME=mehrd
OS=Windows_NT
PROCESSOR_IDENTIFIER=Intel64 Family 6 Model 142 Stepping 10, GenuineIntel



---------------  S Y S T E M  ---------------

OS: Windows 10 , 64 bit Build 17763 (10.0.17763.1158)
OS uptime: 10 days 1:35 hours

CPU:total 8 (initial active 8) (4 cores per cpu, 2 threads per core) family 6 model 142 stepping 10, cmov, cx8, fxsr, mmx, sse, sse2, sse3, ssse3, sse4.1, sse4.2, popcnt, avx, avx2, aes, clmul, erms, 3dnowpref, lzcnt, ht, tsc, tscinvbit, bmi1, bmi2, adx, fma

Memory: 4k page, system-wide physical 8052M (711M free)
TotalPageFile size 32628M (AvailPageFile size 58M)
current process WorkingSet (physical memory assigned to process): 10M, peak: 10M
current process commit charge ("private bytes"): 60M, peak: 186M

vm_info: Java HotSpot(TM) 64-Bit Server VM (14.0.1+7) for windows-amd64 JRE (14.0.1+7), built on Mar  5 2020 10:30:14 by "mach5one" with MS VC++ 15.9 (VS2017)

END.
